/usr/local/lib/ruby/1.8/drb/drb.rb:865:in `initialize': Address already in use - bind(2) (Errno::EADDRINUSE)
	from /usr/local/lib/ruby/1.8/drb/drb.rb:865:in `open'
	from /usr/local/lib/ruby/1.8/drb/drb.rb:865:in `open_server'
	from /usr/local/lib/ruby/1.8/drb/drb.rb:759:in `open_server'
	from /usr/local/lib/ruby/1.8/drb/drb.rb:757:in `each'
	from /usr/local/lib/ruby/1.8/drb/drb.rb:757:in `open_server'
	from /usr/local/lib/ruby/1.8/drb/drb.rb:1339:in `initialize'
	from /usr/local/lib/ruby/1.8/drb/drb.rb:1627:in `new'
	from /usr/local/lib/ruby/1.8/drb/drb.rb:1627:in `start_service'
	 ... 7 levels...
	from ./script/../vendor/plugins/acts_as_ferret/lib/server_manager.rb:41:in `send'
	from ./script/../vendor/plugins/acts_as_ferret/lib/server_manager.rb:41
	from script/ferret_server:4:in `require'
	from script/ferret_server:4
/usr/local/lib/ruby/1.8/drb/drb.rb:865:in `initialize': Address already in use - bind(2) (Errno::EADDRINUSE)
	from /usr/local/lib/ruby/1.8/drb/drb.rb:865:in `open'
	from /usr/local/lib/ruby/1.8/drb/drb.rb:865:in `open_server'
	from /usr/local/lib/ruby/1.8/drb/drb.rb:759:in `open_server'
	from /usr/local/lib/ruby/1.8/drb/drb.rb:757:in `each'
	from /usr/local/lib/ruby/1.8/drb/drb.rb:757:in `open_server'
	from /usr/local/lib/ruby/1.8/drb/drb.rb:1339:in `initialize'
	from /usr/local/lib/ruby/1.8/drb/drb.rb:1627:in `new'
	from /usr/local/lib/ruby/1.8/drb/drb.rb:1627:in `start_service'
	 ... 7 levels...
	from ./script/../vendor/plugins/acts_as_ferret/lib/server_manager.rb:41:in `send'
	from ./script/../vendor/plugins/acts_as_ferret/lib/server_manager.rb:41
	from script/ferret_server:4:in `require'
	from script/ferret_server:4
/usr/local/lib/ruby/1.8/drb/drb.rb:865:in `initialize': Address already in use - bind(2) (Errno::EADDRINUSE)
	from /usr/local/lib/ruby/1.8/drb/drb.rb:865:in `open'
	from /usr/local/lib/ruby/1.8/drb/drb.rb:865:in `open_server'
	from /usr/local/lib/ruby/1.8/drb/drb.rb:759:in `open_server'
	from /usr/local/lib/ruby/1.8/drb/drb.rb:757:in `each'
	from /usr/local/lib/ruby/1.8/drb/drb.rb:757:in `open_server'
	from /usr/local/lib/ruby/1.8/drb/drb.rb:1339:in `initialize'
	from /usr/local/lib/ruby/1.8/drb/drb.rb:1627:in `new'
	from /usr/local/lib/ruby/1.8/drb/drb.rb:1627:in `start_service'
	 ... 7 levels...
	from ./script/../vendor/plugins/acts_as_ferret/lib/server_manager.rb:41:in `send'
	from ./script/../vendor/plugins/acts_as_ferret/lib/server_manager.rb:41
	from script/ferret_server:4:in `require'
	from script/ferret_server:4
/usr/local/lib/ruby/1.8/drb/drb.rb:865:in `initialize': Address already in use - bind(2) (Errno::EADDRINUSE)
	from /usr/local/lib/ruby/1.8/drb/drb.rb:865:in `open'
	from /usr/local/lib/ruby/1.8/drb/drb.rb:865:in `open_server'
	from /usr/local/lib/ruby/1.8/drb/drb.rb:759:in `open_server'
	from /usr/local/lib/ruby/1.8/drb/drb.rb:757:in `each'
	from /usr/local/lib/ruby/1.8/drb/drb.rb:757:in `open_server'
	from /usr/local/lib/ruby/1.8/drb/drb.rb:1339:in `initialize'
	from /usr/local/lib/ruby/1.8/drb/drb.rb:1627:in `new'
	from /usr/local/lib/ruby/1.8/drb/drb.rb:1627:in `start_service'
	 ... 7 levels...
	from ./script/../vendor/plugins/acts_as_ferret/lib/server_manager.rb:41:in `send'
	from ./script/../vendor/plugins/acts_as_ferret/lib/server_manager.rb:41
	from script/ferret_server:4:in `require'
	from script/ferret_server:4
